<?xml version="1.0" encoding="UTF-8"?>
<!-- Generated by org.testng.reporters.JUnitReportReporter -->
<testsuite hostname="ABHI" failures="0" tests="4" name="TestRunner.CucumberTestNGRunner" time="9.138" errors="0" timestamp="2025-08-12T21:41:34 IST" skipped="0">
  <testcase classname="TestRunner.CucumberTestNGRunner" name="runScenario" time="3.464"/>
  <system-out/>
  <testcase classname="TestRunner.CucumberTestNGRunner" name="runScenario" time="2.750"/>
  <system-out/>
  <testcase classname="TestRunner.CucumberTestNGRunner" name="runScenario" time="0.441"/>
  <system-out/>
  <testcase classname="TestRunner.CucumberTestNGRunner" name="runScenario" time="2.483"/>
  <system-out/>
</testsuite> <!-- TestRunner.CucumberTestNGRunner -->
