<?xml version="1.0" encoding="UTF-8"?>
<!-- Generated by org.testng.reporters.JUnitReportReporter -->
<testsuite hostname="ABHI" failures="0" tests="1" name="Testcase.getrequest" time="2.928" errors="0" timestamp="2025-08-12T11:18:06 IST" skipped="0">
  <testcase classname="Testcase.getrequest" name="get" time="2.928"/>
  <system-out/>
</testsuite> <!-- Testcase.getrequest -->
