<?xml version="1.0" encoding="UTF-8"?>
<!-- Generated by org.testng.reporters.JUnitReportReporter -->
<testsuite hostname="ABHI" failures="0" tests="1" name="Testcase.postrequest" time="3.555" errors="0" timestamp="2025-08-12T11:18:06 IST" skipped="0">
  <testcase classname="Testcase.postrequest" name="post" time="3.555"/>
  <system-out/>
</testsuite> <!-- Testcase.postrequest -->
