<?xml version="1.0" encoding="UTF-8"?>
<!-- Generated by org.testng.reporters.JUnitReportReporter -->
<testsuite hostname="ABHI" failures="0" tests="1" name="Testcase.deleterequest" time="0.261" errors="0" timestamp="2025-08-12T11:18:06 IST" skipped="0">
  <testcase classname="Testcase.deleterequest" name="delete" time="0.261"/>
  <system-out/>
</testsuite> <!-- Testcase.deleterequest -->
